<?xml version="1.0" encoding="UTF-8"?>
<!-- Generated by org.testng.reporters.JUnitXMLReporter -->
<testsuite ignored="0" hostname="MSI" failures="0" tests="3" name="Default test" time="14.366" errors="0" timestamp="2023-08-17T14:17:27 IST">
  <testcase classname="com.testNG.ParameterizationUsingDataProvider" name="fetchData" time="3.316"/>
  <testcase classname="com.testNG.ParameterizationUsingDataProvider" name="fetchData" time="3.337"/>
  <testcase classname="com.testNG.ParameterizationUsingDataProvider" name="fetchData" time="3.337"/>
</testsuite> <!-- Default test -->
