<?xml version="1.0" encoding="UTF-8"?>
<!-- Generated by org.testng.reporters.JUnitXMLReporter -->
<testsuite ignored="0" hostname="MSI" failures="0" tests="3" name="Default test" time="0.103" errors="0" timestamp="2023-08-07T12:31:46 IST">
  <testcase classname="com.testNG.TestNgAnnotations" name="Test1" time="0.011"/>
  <testcase classname="com.testNG.TestNgAnnotations" name="Test2" time="0.001"/>
  <testcase classname="com.testNG.TestNgAnnotations" name="Test3" time="0.002"/>
</testsuite> <!-- Default test -->
