<?xml version="1.0" encoding="UTF-8"?>
<!-- Generated by org.testng.reporters.JUnitXMLReporter -->
<testsuite ignored="2" hostname="MSI" failures="0" tests="2" name="sanity Test" time="0.11" errors="0" timestamp="2023-08-09T12:17:17 IST">
  <testcase classname="com.testNG.TestNgGr1" name="test1" time="0.01"/>
  <testcase classname="com.testNG.TestNgGr1" name="test2" time="0.002"/>
  <testcase classname="com.testNG.TestNgGr1" name="test4" time="0.0">
    <ignored/>
  </testcase> <!-- test4 -->
  <testcase classname="com.testNG.TestNgGr1" name="test3" time="0.0">
    <ignored/>
  </testcase> <!-- test3 -->
</testsuite> <!-- sanity Test -->
