<?xml version="1.0" encoding="UTF-8"?>
<!-- Generated by org.testng.reporters.JUnitXMLReporter -->
<testsuite ignored="3" hostname="MSI" failures="0" tests="1" name="SmokeTest" time="0.007" errors="0" timestamp="2023-08-09T12:17:17 IST">
  <testcase classname="com.testNG.TestNggr2" name="test5" time="0.003"/>
  <testcase classname="com.testNG.TestNggr2" name="test8" time="0.0">
    <ignored/>
  </testcase> <!-- test8 -->
  <testcase classname="com.testNG.TestNggr2" name="test6" time="0.0">
    <ignored/>
  </testcase> <!-- test6 -->
  <testcase classname="com.testNG.TestNggr2" name="test7" time="0.0">
    <ignored/>
  </testcase> <!-- test7 -->
</testsuite> <!-- SmokeTest -->
