<?xml version="1.0" encoding="UTF-8"?>
<testng-results ignored="3" total="8" passed="5" failed="0" skipped="0">
  <reporter-output>
  </reporter-output>
  <suite started-at="2023-08-29T13:31:33 IST" name="GroupsSuite" finished-at="2023-08-29T13:31:33 IST" duration-ms="323">
    <groups>
      <group name="regression">
        <method signature="TestNGGroups.testCase4()[pri:0, instance:com.testNG.TestNGGroups@6340e5f0]" name="testCase4" class="com.testNG.TestNGGroups"/>
        <method signature="TestNGGroups2.testCase7()[pri:0, instance:com.testNG.TestNGGroups2@5524cca1]" name="testCase7" class="com.testNG.TestNGGroups2"/>
        <method signature="TestNGGroups2.testCase8()[pri:0, instance:com.testNG.TestNGGroups2@5524cca1]" name="testCase8" class="com.testNG.TestNGGroups2"/>
      </group> <!-- regression -->
      <group name="smoke">
        <method signature="TestNGGroups.testCase2()[pri:0, instance:com.testNG.TestNGGroups@6340e5f0]" name="testCase2" class="com.testNG.TestNGGroups"/>
        <method signature="TestNGGroups.testCase3()[pri:0, instance:com.testNG.TestNGGroups@6340e5f0]" name="testCase3" class="com.testNG.TestNGGroups"/>
        <method signature="TestNGGroups.testCase4()[pri:0, instance:com.testNG.TestNGGroups@6340e5f0]" name="testCase4" class="com.testNG.TestNGGroups"/>
      </group> <!-- smoke -->
      <group name="sanity">
        <method signature="TestNGGroups.testCase2()[pri:0, instance:com.testNG.TestNGGroups@6340e5f0]" name="testCase2" class="com.testNG.TestNGGroups"/>
        <method signature="TestNGGroups.testCase4()[pri:0, instance:com.testNG.TestNGGroups@6340e5f0]" name="testCase4" class="com.testNG.TestNGGroups"/>
      </group> <!-- sanity -->
    </groups>
    <test started-at="2023-08-29T13:31:33 IST" name="SanityTest" finished-at="2023-08-29T13:31:33 IST" duration-ms="146">
      <class name="com.testNG.TestNGGroups">
        <test-method is-config="true" signature="beforeMethod()[pri:0, instance:com.testNG.TestNGGroups@6340e5f0]" started-at="2023-08-29T13:31:33 IST" name="beforeMethod" finished-at="2023-08-29T13:31:33 IST" duration-ms="11" status="PASS">
          <reporter-output>
          </reporter-output>
        </test-method> <!-- beforeMethod -->
        <test-method signature="testCase2()[pri:0, instance:com.testNG.TestNGGroups@6340e5f0]" started-at="2023-08-29T13:31:33 IST" name="testCase2" finished-at="2023-08-29T13:31:33 IST" duration-ms="11" status="PASS">
          <reporter-output>
          </reporter-output>
        </test-method> <!-- testCase2 -->
        <test-method is-config="true" signature="afterMethod()[pri:0, instance:com.testNG.TestNGGroups@6340e5f0]" started-at="2023-08-29T13:31:33 IST" name="afterMethod" finished-at="2023-08-29T13:31:33 IST" duration-ms="1" status="PASS">
          <reporter-output>
          </reporter-output>
        </test-method> <!-- afterMethod -->
        <test-method is-config="true" signature="beforeMethod()[pri:0, instance:com.testNG.TestNGGroups@6340e5f0]" started-at="2023-08-29T13:31:33 IST" name="beforeMethod" finished-at="2023-08-29T13:31:33 IST" duration-ms="1" status="PASS">
          <reporter-output>
          </reporter-output>
        </test-method> <!-- beforeMethod -->
        <test-method signature="testCase3()[pri:0, instance:com.testNG.TestNGGroups@6340e5f0]" started-at="2023-08-29T13:31:33 IST" name="testCase3" finished-at="2023-08-29T13:31:33 IST" duration-ms="2" status="PASS">
          <reporter-output>
          </reporter-output>
        </test-method> <!-- testCase3 -->
        <test-method is-config="true" signature="afterMethod()[pri:0, instance:com.testNG.TestNGGroups@6340e5f0]" started-at="2023-08-29T13:31:33 IST" name="afterMethod" finished-at="2023-08-29T13:31:33 IST" duration-ms="0" status="PASS">
          <reporter-output>
          </reporter-output>
        </test-method> <!-- afterMethod -->
        <test-method is-config="true" signature="beforeMethod()[pri:0, instance:com.testNG.TestNGGroups@6340e5f0]" started-at="2023-08-29T13:31:33 IST" name="beforeMethod" finished-at="2023-08-29T13:31:33 IST" duration-ms="1" status="PASS">
          <reporter-output>
          </reporter-output>
        </test-method> <!-- beforeMethod -->
        <test-method signature="testCase4()[pri:0, instance:com.testNG.TestNGGroups@6340e5f0]" started-at="2023-08-29T13:31:33 IST" name="testCase4" finished-at="2023-08-29T13:31:33 IST" duration-ms="2" status="PASS">
          <reporter-output>
          </reporter-output>
        </test-method> <!-- testCase4 -->
        <test-method is-config="true" signature="afterMethod()[pri:0, instance:com.testNG.TestNGGroups@6340e5f0]" started-at="2023-08-29T13:31:33 IST" name="afterMethod" finished-at="2023-08-29T13:31:33 IST" duration-ms="0" status="PASS">
          <reporter-output>
          </reporter-output>
        </test-method> <!-- afterMethod -->
      </class> <!-- com.testNG.TestNGGroups -->
    </test> <!-- SanityTest -->
    <test started-at="2023-08-29T13:31:33 IST" name="SmokeTest" finished-at="2023-08-29T13:31:33 IST" duration-ms="16">
      <class name="com.testNG.TestNGGroups2">
        <test-method is-config="true" signature="beforeMethod()[pri:0, instance:com.testNG.TestNGGroups2@5524cca1]" started-at="2023-08-29T13:31:33 IST" name="beforeMethod" finished-at="2023-08-29T13:31:33 IST" duration-ms="1" status="PASS">
          <reporter-output>
          </reporter-output>
        </test-method> <!-- beforeMethod -->
        <test-method signature="testCase7()[pri:0, instance:com.testNG.TestNGGroups2@5524cca1]" started-at="2023-08-29T13:31:33 IST" name="testCase7" finished-at="2023-08-29T13:31:33 IST" duration-ms="2" status="PASS">
          <reporter-output>
          </reporter-output>
        </test-method> <!-- testCase7 -->
        <test-method is-config="true" signature="afterMethod()[pri:0, instance:com.testNG.TestNGGroups2@5524cca1]" started-at="2023-08-29T13:31:33 IST" name="afterMethod" finished-at="2023-08-29T13:31:33 IST" duration-ms="1" status="PASS">
          <reporter-output>
          </reporter-output>
        </test-method> <!-- afterMethod -->
        <test-method is-config="true" signature="beforeMethod()[pri:0, instance:com.testNG.TestNGGroups2@5524cca1]" started-at="2023-08-29T13:31:33 IST" name="beforeMethod" finished-at="2023-08-29T13:31:33 IST" duration-ms="0" status="PASS">
          <reporter-output>
          </reporter-output>
        </test-method> <!-- beforeMethod -->
        <test-method signature="testCase8()[pri:0, instance:com.testNG.TestNGGroups2@5524cca1]" started-at="2023-08-29T13:31:33 IST" name="testCase8" finished-at="2023-08-29T13:31:33 IST" duration-ms="2" status="PASS">
          <reporter-output>
          </reporter-output>
        </test-method> <!-- testCase8 -->
        <test-method is-config="true" signature="afterMethod()[pri:0, instance:com.testNG.TestNGGroups2@5524cca1]" started-at="2023-08-29T13:31:33 IST" name="afterMethod" finished-at="2023-08-29T13:31:33 IST" duration-ms="0" status="PASS">
          <reporter-output>
          </reporter-output>
        </test-method> <!-- afterMethod -->
      </class> <!-- com.testNG.TestNGGroups2 -->
    </test> <!-- SmokeTest -->
  </suite> <!-- GroupsSuite -->
</testng-results>
