<?xml version="1.0" encoding="UTF-8"?>
<!-- Generated by org.testng.reporters.JUnitXMLReporter -->
<testsuite ignored="1" hostname="MSI" failures="0" tests="3" name="SanityTest" time="0.146" errors="0" timestamp="2023-08-29T13:31:33 IST">
  <testcase classname="com.testNG.TestNGGroups" name="testCase2" time="0.011"/>
  <testcase classname="com.testNG.TestNGGroups" name="testCase3" time="0.002"/>
  <testcase classname="com.testNG.TestNGGroups" name="testCase4" time="0.002"/>
  <testcase classname="com.testNG.TestNGGroups" name="testCase1" time="0.0">
    <ignored/>
  </testcase> <!-- testCase1 -->
</testsuite> <!-- SanityTest -->
